{
  "RSpec": {
    "coverage": {
      "/Users/angusmcleod/discourse/discourse/plugins/discourse-follow/lib/follow/engine.rb": {
        "lines": [
          1,
          1,
          1,
          1,
          null,
          null
        ]
      },
      "/Users/angusmcleod/discourse/discourse/plugins/discourse-follow/lib/follow/notification.rb": {
        "lines": [
          1,
          1,
          14,
          null,
          null,
          null,
          null,
          null
        ]
      },
      "/Users/angusmcleod/discourse/discourse/plugins/discourse-follow/lib/follow/updater.rb": {
        "lines": [
          1,
          1,
          11,
          11,
          null,
          null,
          1,
          11,
          11,
          null,
          11,
          11,
          11,
          11,
          11,
          null,
          11,
          11,
          null,
          11,
          0,
          0,
          0,
          null,
          null,
          null,
          11,
          null,
          null,
          0,
          0,
          null,
          null,
          11,
          23,
          null,
          11,
          11,
          null,
          11,
          null,
          11,
          null,
          null,
          null,
          null,
          null,
          11,
          null,
          null,
          null,
          1,
          11,
          null,
          null,
          null,
          null,
          null,
          1,
          11,
          null,
          null,
          1,
          11,
          null,
          null
        ]
      },
      "/Users/angusmcleod/discourse/discourse/plugins/discourse-follow/app/controllers/follow/follow_controller.rb": {
        "lines": [
          1,
          1,
          null,
          null,
          1,
          1,
          1,
          null,
          1,
          1,
          null,
          1,
          1,
          1,
          null,
          1,
          null,
          1,
          null,
          0,
          null,
          null,
          null,
          1,
          2,
          2,
          null,
          2,
          2,
          null,
          2,
          2,
          null,
          2,
          2,
          4,
          null,
          2,
          2,
          null,
          0,
          null,
          null,
          null
        ]
      },
      "/Users/angusmcleod/discourse/discourse/plugins/discourse-follow/config/routes.rb": {
        "lines": [
          1,
          1,
          1,
          2,
          2,
          2,
          null,
          null,
          null,
          1,
          1,
          null
        ]
      }
    },
    "timestamp": 1606770333
  }
}
